c:\users\arekj\onedrive - politechnika łódzka\bartekradekarek\rubik's\rubik's\x64\debug\vc143.pdb
c:\users\arekj\onedrive - politechnika łódzka\bartekradekarek\rubik's\rubik's\x64\debug\vc143.idb
c:\users\arekj\onedrive - politechnika łódzka\bartekradekarek\rubik's\rubik's\x64\debug\solver.obj
c:\users\arekj\onedrive - politechnika łódzka\bartekradekarek\rubik's\rubik's\x64\debug\rubik.obj
c:\users\arekj\onedrive - politechnika łódzka\bartekradekarek\rubik's\rubik's\x64\debug\cube.obj
c:\users\arekj\onedrive - politechnika łódzka\bartekradekarek\rubik's\rubik's\x64\debug\main.obj
c:\dev\vs_c++\repos\rubik's\rubik's\x64\debug\vc143.pdb
c:\dev\vs_c++\repos\rubik's\rubik's\x64\debug\vc143.idb
c:\dev\vs_c++\repos\rubik's\rubik's\x64\debug\main.obj
c:\dev\vs_c++\repos\rubik's\rubik's\x64\debug\solver.obj
c:\dev\vs_c++\repos\rubik's\rubik's\x64\debug\cube.obj
c:\users\arekj\onedrive - politechnika łódzka\bartekradekarek\rubik's\rubik's\x64\debug\rubik's.exe
c:\users\arekj\onedrive - politechnika łódzka\bartekradekarek\rubik's\rubik's\x64\debug\rubik's.ilk
c:\users\arekj\onedrive - politechnika łódzka\bartekradekarek\rubik's\rubik's\x64\debug\rubik's.pdb
c:\dev\vs_c++\repos\rubik's\rubik's\x64\debug\rubik's.exe
c:\dev\vs_c++\repos\rubik's\rubik's\x64\debug\rubik's.ilk
c:\dev\vs_c++\repos\rubik's\rubik's\x64\debug\rubik's.pdb
c:\dev\vs_c++\repos\rubik's\rubik's\x64\debug\rubik's.obj
c:\dev\vs_c++\repos\rubik's\rubik's\x64\debug\rubik.obj
c:\dev\vs_c++\repos\rubik's\rubik's\x64\debug\cube.obj.enc
c:\dev\vs_c++\repos\rubik's\rubik's\x64\debug\rubik's.tlog\cl.command.1.tlog
c:\dev\vs_c++\repos\rubik's\rubik's\x64\debug\rubik's.tlog\cl.read.1.tlog
c:\dev\vs_c++\repos\rubik's\rubik's\x64\debug\rubik's.tlog\cl.write.1.tlog
c:\dev\vs_c++\repos\rubik's\rubik's\x64\debug\rubik's.tlog\link.command.1.tlog
c:\dev\vs_c++\repos\rubik's\rubik's\x64\debug\rubik's.tlog\link.read.1.tlog
c:\dev\vs_c++\repos\rubik's\rubik's\x64\debug\rubik's.tlog\link.write.1.tlog
